03/25/2024 14:22:02 [DEBUG] - Using selector: EpollSelector
03/25/2024 15:42:54 [DEBUG] - Using selector: EpollSelector
03/25/2024 15:42:55 [DEBUG] - Using selector: EpollSelector
03/25/2024 16:28:37 [DEBUG] - Using selector: EpollSelector
03/25/2024 16:42:02 [DEBUG] - Using selector: EpollSelector
03/25/2024 16:45:15 [DEBUG] - Using selector: EpollSelector
03/25/2024 16:45:15 [DEBUG] - Using selector: EpollSelector
03/25/2024 22:28:36 [DEBUG] - Using selector: EpollSelector
03/25/2024 22:28:36 [DEBUG] - Using selector: EpollSelector
03/25/2024 22:29:35 [DEBUG] - Using selector: EpollSelector
03/25/2024 22:29:35 [DEBUG] - Using selector: EpollSelector
03/25/2024 22:29:45 [DEBUG] - Using selector: EpollSelector
03/25/2024 22:29:45 [DEBUG] - Using selector: EpollSelector
03/25/2024 22:31:15 [DEBUG] - Using selector: EpollSelector
03/25/2024 22:31:15 [DEBUG] - Using selector: EpollSelector
03/25/2024 22:33:52 [DEBUG] - Using selector: EpollSelector
03/26/2024 09:05:28 [DEBUG] - Using selector: EpollSelector
03/26/2024 09:09:25 [DEBUG] - Using selector: EpollSelector
03/26/2024 09:09:26 [DEBUG] - Using selector: EpollSelector
03/26/2024 09:11:32 [DEBUG] - Using selector: EpollSelector
03/26/2024 09:25:25 [DEBUG] - Using selector: EpollSelector
03/26/2024 09:25:52 [DEBUG] - Using selector: EpollSelector
03/26/2024 09:25:53 [DEBUG] - Using selector: EpollSelector
03/26/2024 09:26:06 [DEBUG] - Using selector: EpollSelector
03/26/2024 09:26:36 [DEBUG] - Using selector: EpollSelector
03/26/2024 09:28:34 [DEBUG] - Using selector: EpollSelector
03/26/2024 09:28:35 [DEBUG] - Using selector: EpollSelector
03/26/2024 09:28:43 [DEBUG] - Using selector: EpollSelector
03/26/2024 09:31:03 [DEBUG] - Using selector: EpollSelector
03/26/2024 09:40:09 [DEBUG] - Using selector: EpollSelector
03/26/2024 09:40:10 [DEBUG] - Using selector: EpollSelector
03/26/2024 09:40:10 [DEBUG] - Using selector: EpollSelector
03/26/2024 09:40:16 [DEBUG] - Using selector: EpollSelector
03/26/2024 09:40:38 [DEBUG] - Using selector: EpollSelector
03/26/2024 09:40:59 [DEBUG] - Using selector: EpollSelector
03/26/2024 09:44:37 [DEBUG] - Using selector: EpollSelector
03/26/2024 09:44:49 [DEBUG] - Using selector: EpollSelector
03/26/2024 09:50:41 [DEBUG] - Using selector: EpollSelector
03/26/2024 09:50:42 [DEBUG] - Using selector: EpollSelector
03/26/2024 09:50:43 [DEBUG] - Using selector: EpollSelector
03/26/2024 09:50:44 [DEBUG] - Using selector: EpollSelector
03/26/2024 09:54:05 [DEBUG] - Using selector: EpollSelector
03/26/2024 09:54:42 [DEBUG] - Using selector: EpollSelector
03/26/2024 19:23:54 [DEBUG] - Using selector: EpollSelector
03/26/2024 19:26:03 [DEBUG] - Using selector: EpollSelector
03/27/2024 13:29:32 [DEBUG] - Using selector: EpollSelector
03/27/2024 14:20:53 [DEBUG] - Using selector: EpollSelector
03/27/2024 14:27:52 [DEBUG] - Using selector: EpollSelector
03/27/2024 14:29:40 [INFO] - STARTING TO CONVERT TO webm
03/27/2024 14:29:40 [INFO] - 03
03/27/2024 14:29:40 [INFO] - 27032024_09_28_07
03/27/2024 14:29:40 [INFO] - ['27032024', '09', '28', '07']
03/27/2024 14:29:40 [INFO] - ./video_mp4/03/27032024/VID_03_27032024_09:28:07.mp4
03/27/2024 14:29:40 [INFO] - ./video_mp4/03/27032024/VID_03_27032024_09:28:07.mp4
03/27/2024 14:29:40 [INFO] - ./video/VID_03_27032024_09:28:07.webm
03/27/2024 14:30:12 [INFO] - STARTING TO CONVERT TO webm
03/27/2024 14:30:12 [INFO] - 03
03/27/2024 14:30:12 [INFO] - 27032024_09_28_07
03/27/2024 14:30:12 [INFO] - ['27032024', '09', '28', '07']
03/27/2024 14:30:12 [INFO] - ./video_mp4/03/27032024/VID_03_27032024_09:28:07.mp4
03/27/2024 14:30:12 [INFO] - ./video_mp4/03/27032024/VID_03_27032024_09:28:07.mp4
03/27/2024 14:30:12 [INFO] - ./video/VID_03_27032024_09:28:07.webm
03/27/2024 14:38:43 [DEBUG] - Using selector: EpollSelector
03/27/2024 14:38:46 [INFO] - STARTING TO CONVERT TO webm
03/27/2024 14:38:46 [INFO] - 03
03/27/2024 14:38:46 [INFO] - 27032024_09_28_07
03/27/2024 14:38:46 [INFO] - ['27032024', '09', '28', '07']
03/27/2024 14:38:46 [INFO] - ./video_mp4/03/27032024/VID_03_27032024_09:28:07.mp4
03/27/2024 14:38:46 [INFO] - ./video_mp4/03/27032024/VID_03_27032024_09:28:07.mp4
03/27/2024 14:38:46 [INFO] - ./video/VID_03_27032024_09:28:07.webm
03/27/2024 14:38:46 [INFO] - True
03/27/2024 16:03:59 [DEBUG] - Using selector: EpollSelector
03/27/2024 16:11:15 [DEBUG] - Using selector: EpollSelector
03/27/2024 16:11:47 [INFO] - STARTING TO CONVERT TO webm
03/27/2024 16:11:47 [INFO] - 03
03/27/2024 16:11:47 [INFO] - 27032024_09_28_07
03/27/2024 16:11:47 [INFO] - ['27032024', '09', '28', '07']
03/27/2024 16:11:47 [INFO] - ./video_mp4/03/27032024/VID_03_27032024_09:28:07.mp4
03/27/2024 16:11:47 [INFO] - ./video_mp4/03/27032024/VID_03_27032024_09:28:07.mp4
03/27/2024 16:11:47 [INFO] - ./video/VID_03_27032024_09:28:07.webm
03/27/2024 16:11:47 [INFO] - True
03/27/2024 16:15:17 [DEBUG] - Using selector: EpollSelector
03/27/2024 16:21:02 [DEBUG] - Using selector: EpollSelector
03/27/2024 16:24:13 [DEBUG] - Using selector: EpollSelector
