27-03-2024 09:28:07 - [INFO] - ADA DETEKSI
27-03-2024 09:28:07 - [INFO] - ADA DETEKSI MOTOR
27-03-2024 09:28:07 - [INFO] - START TO VOICE OUTPUT MOTOR
27-03-2024 09:28:07 - [INFO] - PICTURE MOTOR CAPTURED
27-03-2024 09:28:07 - [INFO] - DATABASE CONNECTED TO MOTOR
27-03-2024 09:28:07 - [INFO] - START INSERTING TO MYSQL
27-03-2024 09:28:07 - [INFO] - SUCCESSED INSERTING TO MYSQL
27-03-2024 09:28:07 - [INFO] - END TO INSERT MYSQL
27-03-2024 09:28:07 - [INFO] - STARTING TO CAPTURE PROGRAM FRAME MOTOR
27-03-2024 09:28:07 - [INFO] - ./video_mp4/03/27032024/VID_03_27032024_09:28:07.mp4
27-03-2024 09:28:07 - [INFO] - GET RECORDING FRAME MOTOR
27-03-2024 09:28:07 - [INFO] - ADA DETEKSI
27-03-2024 09:28:07 - [INFO] - ADA DETEKSI
27-03-2024 09:28:07 - [INFO] - ADA DETEKSI
27-03-2024 09:28:07 - [INFO] - ADA DETEKSI
27-03-2024 09:28:07 - [INFO] - ADA DETEKSI
27-03-2024 09:28:07 - [INFO] - ADA DETEKSI
27-03-2024 09:28:07 - [INFO] - ADA DETEKSI
27-03-2024 09:28:07 - [INFO] - ADA DETEKSI
27-03-2024 09:28:07 - [INFO] - ADA DETEKSI
27-03-2024 09:28:08 - [INFO] - ADA DETEKSI
27-03-2024 09:28:08 - [INFO] - ADA DETEKSI
27-03-2024 09:28:08 - [INFO] - ADA DETEKSI
27-03-2024 09:28:08 - [INFO] - ADA DETEKSI
27-03-2024 09:28:08 - [INFO] - ADA DETEKSI
27-03-2024 09:28:12 - [INFO] - SUCCESSED TO VOICE OUTPUT MOTOR
27-03-2024 09:28:13 - [INFO] - ADA DETEKSI
27-03-2024 09:28:13 - [INFO] - ADA DETEKSI
27-03-2024 09:28:13 - [INFO] - ADA DETEKSI
27-03-2024 09:28:13 - [INFO] - ADA DETEKSI
27-03-2024 09:28:13 - [INFO] - ADA DETEKSI
27-03-2024 09:28:13 - [INFO] - ADA DETEKSI
27-03-2024 09:28:13 - [INFO] - ADA DETEKSI
27-03-2024 09:28:13 - [INFO] - ADA DETEKSI
27-03-2024 09:28:14 - [INFO] - ADA DETEKSI
27-03-2024 09:28:14 - [INFO] - ADA DETEKSI
27-03-2024 09:28:14 - [INFO] - ADA DETEKSI
27-03-2024 09:28:14 - [INFO] - ADA DETEKSI
27-03-2024 09:28:15 - [INFO] - ADA DETEKSI
27-03-2024 09:28:15 - [INFO] - ADA DETEKSI
27-03-2024 09:28:15 - [INFO] - ADA DETEKSI
27-03-2024 09:28:16 - [INFO] - ADA DETEKSI
27-03-2024 09:28:16 - [INFO] - ADA DETEKSI
27-03-2024 09:28:16 - [INFO] - ADA DETEKSI
27-03-2024 09:28:16 - [INFO] - ADA DETEKSI
27-03-2024 09:28:16 - [INFO] - ADA DETEKSI
27-03-2024 09:28:16 - [INFO] - ADA DETEKSI
27-03-2024 09:28:16 - [INFO] - ADA DETEKSI
27-03-2024 09:28:16 - [INFO] - ADA DETEKSI
27-03-2024 09:28:17 - [INFO] - ADA DETEKSI
27-03-2024 09:28:17 - [INFO] - ADA DETEKSI
27-03-2024 09:28:27 - [INFO] - END PROCESS RECORDING FRAME MOTOR
27-03-2024 09:28:27 - [INFO] - FLAG DETEKSI MOTOR SUDAH MENJADI 1 KEMBALI
27-03-2024 13:29:33 - [INFO] - START PROGRAM CCTV SURVAILANCE MOTOR
27-03-2024 13:29:33 - [INFO] - deteksi_motor_03
27-03-2024 13:29:46 - [INFO] - START PROGRAM CCTV SURVAILANCE MOTOR
27-03-2024 13:29:46 - [INFO] - deteksi_motor_03
27-03-2024 13:30:12 - [INFO] - START PROGRAM CCTV SURVAILANCE MOTOR
27-03-2024 13:30:12 - [INFO] - deteksi_motor_03
27-03-2024 13:30:25 - [INFO] - START PROGRAM CCTV SURVAILANCE MOTOR
27-03-2024 13:30:25 - [INFO] - deteksi_motor_03
27-03-2024 13:30:52 - [INFO] - START PROGRAM CCTV SURVAILANCE MOTOR
27-03-2024 13:30:52 - [INFO] - deteksi_motor_03
27-03-2024 16:03:39 - [INFO] - START PROGRAM CCTV SURVAILANCE MOTOR
27-03-2024 16:03:39 - [INFO] - deteksi_motor_03
27-03-2024 16:04:04 - [INFO] - START PROGRAM CCTV SURVAILANCE MOTOR
27-03-2024 16:04:04 - [INFO] - deteksi_motor_03
